<?xml version="1.0" encoding="UTF-8"?>
<testng-results ignored="0" total="1" passed="1" failed="0" skipped="0">
  <reporter-output>
  </reporter-output>
  <suite started-at="2022-10-01T18:30:08 IST" name="Default suite" finished-at="2022-10-01T18:30:15 IST" duration-ms="6805">
    <groups>
    </groups>
    <test started-at="2022-10-01T18:30:08 IST" name="Default test" finished-at="2022-10-01T18:30:15 IST" duration-ms="6805">
      <class name="com.SelniumFour.RelativeLocators">
        <test-method is-config="true" signature="RelativeLocatorsBeforeTest()[pri:0, instance:com.SelniumFour.RelativeLocators@5e2c3d18]" started-at="2022-10-01T18:30:08 IST" name="RelativeLocatorsBeforeTest" finished-at="2022-10-01T18:30:12 IST" duration-ms="3145" status="PASS">
          <reporter-output>
          </reporter-output>
        </test-method> <!-- RelativeLocatorsBeforeTest -->
        <test-method signature="RelativeLocatorsTest2()[pri:0, instance:com.SelniumFour.RelativeLocators@5e2c3d18]" started-at="2022-10-01T18:30:12 IST" name="RelativeLocatorsTest2" description="Verify book detail tile is clickable" finished-at="2022-10-01T18:30:12 IST" duration-ms="190" status="PASS">
          <reporter-output>
          </reporter-output>
        </test-method> <!-- RelativeLocatorsTest2 -->
        <test-method is-config="true" signature="close()[pri:0, instance:com.SelniumFour.RelativeLocators@5e2c3d18]" started-at="2022-10-01T18:30:12 IST" name="close" finished-at="2022-10-01T18:30:15 IST" duration-ms="3307" status="PASS">
          <reporter-output>
          </reporter-output>
        </test-method> <!-- close -->
      </class> <!-- com.SelniumFour.RelativeLocators -->
    </test> <!-- Default test -->
  </suite> <!-- Default suite -->
</testng-results>
